        -:    0:Source:C:/Users/ALL/PLs/C++/proC++/main.cpp
        -:    0:Graph:C:\Users\ALL\PLs\C++\proC++\cmake-build-debug-coverage\CMakeFiles\proC++.dir\main.cpp.gcno
        -:    0:Data:C:\Users\ALL\PLs\C++\proC++\cmake-build-debug-coverage\CMakeFiles\proC++.dir\main.cpp.gcda
        -:    0:Runs:1
        -:    1:#include "dijkstra.h"
        -:    2:#include "bellman_ford.h"
        -:    3:
        -:    4:
function main called 1 returned 100% blocks executed 100%
        1:    5:int main() {
        1:    6:    int graph[6][6] = {
        -:    7:            {0, 1, 2, 0, 0, 0},
        -:    8:            {1, 0, 0, 5, 1, 0},
        -:    9:            {2, 0, 0, 2, 3, 0},
        -:   10:            {0, 5, 2, 0, 2, 2},
        -:   11:            {0, 1, 3, 2, 0, 1},
        -:   12:            {0, 0, 0, 2, 1, 0}};
        1:   13:    dijkstra(graph, 0);
        1:   13-block  0
call    0 returned 1
branch  1 taken 1 (fallthrough)
branch  2 taken 0 (throw)
        -:   14:
        1:   15:}
        1:   15-block  0
        1:   15-block  1
